[debug] [2025-06-04T04:33:51.481Z] ----------------------------------------------------------------------
[debug] [2025-06-04T04:33:51.484Z] Command:       C:\Program Files\nodejs\node.exe C:\Users\Kyczar\AppData\Roaming\npm\node_modules\firebase-tools\lib\bin\firebase.js init
[debug] [2025-06-04T04:33:51.484Z] CLI Version:   14.5.1
[debug] [2025-06-04T04:33:51.485Z] Platform:      win32
[debug] [2025-06-04T04:33:51.485Z] Node Version:  v20.9.0
[debug] [2025-06-04T04:33:51.485Z] Time:          Wed Jun 04 2025 00:33:51 GMT-0400 (Eastern Daylight Time)
[debug] [2025-06-04T04:33:51.485Z] ----------------------------------------------------------------------
[debug] 
[debug] [2025-06-04T04:33:51.490Z] > command requires scopes: ["email","openid","https://www.googleapis.com/auth/cloudplatformprojects.readonly","https://www.googleapis.com/auth/firebase","https://www.googleapis.com/auth/cloud-platform"]
[debug] [2025-06-04T04:33:51.490Z] > authorizing via signed-in user (kyczaraalbregtse@gmail.com)
[info] 
     ######## #### ########  ######## ########     ###     ######  ########
     ##        ##  ##     ## ##       ##     ##  ##   ##  ##       ##
     ######    ##  ########  ######   ########  #########  ######  ######
     ##        ##  ##    ##  ##       ##     ## ##     ##       ## ##
     ##       #### ##     ## ######## ########  ##     ##  ######  ########

You're about to initialize a Firebase project in this directory:

  C:\Users\Kyczar\Desktop\dev-on-demand

[info] 
=== Project Setup
[info] 
[info] First, let's associate this project directory with a Firebase project.
[info] You can create multiple project aliases by running firebase use --add, 
[info] but for now we'll just set up a default project.
[info] 
[debug] [2025-06-04T04:34:00.065Z] Checked if tokens are valid: true, expires at: 1749015161221
[debug] [2025-06-04T04:34:00.065Z] Checked if tokens are valid: true, expires at: 1749015161221
[debug] [2025-06-04T04:34:00.067Z] >>> [apiv2][query] GET https://firebase.googleapis.com/v1beta1/projects pageSize=100
[debug] [2025-06-04T04:34:00.368Z] <<< [apiv2][status] GET https://firebase.googleapis.com/v1beta1/projects 200
[debug] [2025-06-04T04:34:00.368Z] <<< [apiv2][body] GET https://firebase.googleapis.com/v1beta1/projects [omitted]
[info] i  Using project kykustoms-feddb (KyKustoms) 
[info] 
=== App Hosting Setup
[debug] [2025-06-04T04:34:03.013Z] Checked if tokens are valid: true, expires at: 1749015161221
[debug] [2025-06-04T04:34:03.013Z] Checked if tokens are valid: true, expires at: 1749015161221
[debug] [2025-06-04T04:34:03.013Z] >>> [apiv2][query] GET https://cloudbilling.googleapis.com/v1/projects/kykustoms-feddb/billingInfo [none]
[debug] [2025-06-04T04:34:03.188Z] <<< [apiv2][status] GET https://cloudbilling.googleapis.com/v1/projects/kykustoms-feddb/billingInfo 200
[debug] [2025-06-04T04:34:03.188Z] <<< [apiv2][body] GET https://cloudbilling.googleapis.com/v1/projects/kykustoms-feddb/billingInfo {"name":"projects/kykustoms-feddb/billingInfo","projectId":"kykustoms-feddb","billingAccountName":"billingAccounts/014982-98CDBE-8DB08E","billingEnabled":true}
[debug] [2025-06-04T04:34:03.189Z] Checked if tokens are valid: true, expires at: 1749015161221
[debug] [2025-06-04T04:34:03.189Z] Checked if tokens are valid: true, expires at: 1749015161221
[debug] [2025-06-04T04:34:03.189Z] >>> [apiv2][query] GET https://serviceusage.googleapis.com/v1/projects/kykustoms-feddb/services/firebaseapphosting.googleapis.com [none]
[debug] [2025-06-04T04:34:03.189Z] >>> [apiv2][(partial)header] GET https://serviceusage.googleapis.com/v1/projects/kykustoms-feddb/services/firebaseapphosting.googleapis.com x-goog-quota-user=projects/kykustoms-feddb
[debug] [2025-06-04T04:34:03.440Z] <<< [apiv2][status] GET https://serviceusage.googleapis.com/v1/projects/kykustoms-feddb/services/firebaseapphosting.googleapis.com 200
[debug] [2025-06-04T04:34:03.440Z] <<< [apiv2][body] GET https://serviceusage.googleapis.com/v1/projects/kykustoms-feddb/services/firebaseapphosting.googleapis.com [omitted]
[debug] [2025-06-04T04:34:03.441Z] Checked if tokens are valid: true, expires at: 1749015161221
[debug] [2025-06-04T04:34:03.441Z] Checked if tokens are valid: true, expires at: 1749015161221
[debug] [2025-06-04T04:34:03.441Z] >>> [apiv2][query] POST https://serviceusage.googleapis.com/v1/projects/kykustoms-feddb/services/firebaseapphosting.googleapis.com:enable [none]
[debug] [2025-06-04T04:34:03.441Z] >>> [apiv2][(partial)header] POST https://serviceusage.googleapis.com/v1/projects/kykustoms-feddb/services/firebaseapphosting.googleapis.com:enable x-goog-quota-user=projects/kykustoms-feddb
[debug] [2025-06-04T04:34:03.834Z] <<< [apiv2][status] POST https://serviceusage.googleapis.com/v1/projects/kykustoms-feddb/services/firebaseapphosting.googleapis.com:enable 200
[debug] [2025-06-04T04:34:03.834Z] <<< [apiv2][body] POST https://serviceusage.googleapis.com/v1/projects/kykustoms-feddb/services/firebaseapphosting.googleapis.com:enable [omitted]
[debug] [2025-06-04T04:34:13.842Z] Checked if tokens are valid: true, expires at: 1749015161221
[debug] [2025-06-04T04:34:13.842Z] Checked if tokens are valid: true, expires at: 1749015161221
[debug] [2025-06-04T04:34:13.842Z] >>> [apiv2][query] GET https://serviceusage.googleapis.com/v1/projects/kykustoms-feddb/services/firebaseapphosting.googleapis.com [none]
[debug] [2025-06-04T04:34:13.842Z] >>> [apiv2][(partial)header] GET https://serviceusage.googleapis.com/v1/projects/kykustoms-feddb/services/firebaseapphosting.googleapis.com x-goog-quota-user=projects/kykustoms-feddb
[debug] [2025-06-04T04:34:14.083Z] <<< [apiv2][status] GET https://serviceusage.googleapis.com/v1/projects/kykustoms-feddb/services/firebaseapphosting.googleapis.com 200
[debug] [2025-06-04T04:34:14.083Z] <<< [apiv2][body] GET https://serviceusage.googleapis.com/v1/projects/kykustoms-feddb/services/firebaseapphosting.googleapis.com [omitted]
[debug] [2025-06-04T04:34:14.088Z] Checked if tokens are valid: true, expires at: 1749015161221
[debug] [2025-06-04T04:34:14.088Z] Checked if tokens are valid: true, expires at: 1749015161221
[debug] [2025-06-04T04:34:14.088Z] Checked if tokens are valid: true, expires at: 1749015161221
[debug] [2025-06-04T04:34:14.089Z] Checked if tokens are valid: true, expires at: 1749015161221
[debug] [2025-06-04T04:34:14.089Z] Checked if tokens are valid: true, expires at: 1749015161221
[debug] [2025-06-04T04:34:14.089Z] Checked if tokens are valid: true, expires at: 1749015161221
[debug] [2025-06-04T04:34:14.089Z] Checked if tokens are valid: true, expires at: 1749015161221
[debug] [2025-06-04T04:34:14.089Z] Checked if tokens are valid: true, expires at: 1749015161221
[debug] [2025-06-04T04:34:14.089Z] Checked if tokens are valid: true, expires at: 1749015161221
[debug] [2025-06-04T04:34:14.089Z] Checked if tokens are valid: true, expires at: 1749015161221
[debug] [2025-06-04T04:34:14.090Z] Checked if tokens are valid: true, expires at: 1749015161221
[debug] [2025-06-04T04:34:14.090Z] Checked if tokens are valid: true, expires at: 1749015161221
[debug] [2025-06-04T04:34:14.090Z] >>> [apiv2][query] GET https://serviceusage.googleapis.com/v1/projects/kykustoms-feddb/services/developerconnect.googleapis.com [none]
[debug] [2025-06-04T04:34:14.090Z] >>> [apiv2][(partial)header] GET https://serviceusage.googleapis.com/v1/projects/kykustoms-feddb/services/developerconnect.googleapis.com x-goog-quota-user=projects/kykustoms-feddb
[debug] [2025-06-04T04:34:14.091Z] >>> [apiv2][query] GET https://serviceusage.googleapis.com/v1/projects/kykustoms-feddb/services/cloudbuild.googleapis.com [none]
[debug] [2025-06-04T04:34:14.091Z] >>> [apiv2][(partial)header] GET https://serviceusage.googleapis.com/v1/projects/kykustoms-feddb/services/cloudbuild.googleapis.com x-goog-quota-user=projects/kykustoms-feddb
[debug] [2025-06-04T04:34:14.094Z] >>> [apiv2][query] GET https://serviceusage.googleapis.com/v1/projects/kykustoms-feddb/services/secretmanager.googleapis.com [none]
[debug] [2025-06-04T04:34:14.094Z] >>> [apiv2][(partial)header] GET https://serviceusage.googleapis.com/v1/projects/kykustoms-feddb/services/secretmanager.googleapis.com x-goog-quota-user=projects/kykustoms-feddb
[debug] [2025-06-04T04:34:14.097Z] >>> [apiv2][query] GET https://serviceusage.googleapis.com/v1/projects/kykustoms-feddb/services/run.googleapis.com [none]
[debug] [2025-06-04T04:34:14.097Z] >>> [apiv2][(partial)header] GET https://serviceusage.googleapis.com/v1/projects/kykustoms-feddb/services/run.googleapis.com x-goog-quota-user=projects/kykustoms-feddb
[debug] [2025-06-04T04:34:14.099Z] >>> [apiv2][query] GET https://serviceusage.googleapis.com/v1/projects/kykustoms-feddb/services/artifactregistry.googleapis.com [none]
[debug] [2025-06-04T04:34:14.099Z] >>> [apiv2][(partial)header] GET https://serviceusage.googleapis.com/v1/projects/kykustoms-feddb/services/artifactregistry.googleapis.com x-goog-quota-user=projects/kykustoms-feddb
[debug] [2025-06-04T04:34:14.101Z] >>> [apiv2][query] GET https://serviceusage.googleapis.com/v1/projects/kykustoms-feddb/services/iam.googleapis.com [none]
[debug] [2025-06-04T04:34:14.101Z] >>> [apiv2][(partial)header] GET https://serviceusage.googleapis.com/v1/projects/kykustoms-feddb/services/iam.googleapis.com x-goog-quota-user=projects/kykustoms-feddb
[debug] [2025-06-04T04:34:14.378Z] <<< [apiv2][status] GET https://serviceusage.googleapis.com/v1/projects/kykustoms-feddb/services/developerconnect.googleapis.com 200
[debug] [2025-06-04T04:34:14.378Z] <<< [apiv2][body] GET https://serviceusage.googleapis.com/v1/projects/kykustoms-feddb/services/developerconnect.googleapis.com [omitted]
[debug] [2025-06-04T04:34:14.380Z] Checked if tokens are valid: true, expires at: 1749015161221
[debug] [2025-06-04T04:34:14.381Z] Checked if tokens are valid: true, expires at: 1749015161221
[debug] [2025-06-04T04:34:14.381Z] >>> [apiv2][query] POST https://serviceusage.googleapis.com/v1/projects/kykustoms-feddb/services/developerconnect.googleapis.com:enable [none]
[debug] [2025-06-04T04:34:14.381Z] >>> [apiv2][(partial)header] POST https://serviceusage.googleapis.com/v1/projects/kykustoms-feddb/services/developerconnect.googleapis.com:enable x-goog-quota-user=projects/kykustoms-feddb
[debug] [2025-06-04T04:34:14.387Z] <<< [apiv2][status] GET https://serviceusage.googleapis.com/v1/projects/kykustoms-feddb/services/cloudbuild.googleapis.com 200
[debug] [2025-06-04T04:34:14.387Z] <<< [apiv2][body] GET https://serviceusage.googleapis.com/v1/projects/kykustoms-feddb/services/cloudbuild.googleapis.com [omitted]
[debug] [2025-06-04T04:34:14.389Z] <<< [apiv2][status] GET https://serviceusage.googleapis.com/v1/projects/kykustoms-feddb/services/iam.googleapis.com 200
[debug] [2025-06-04T04:34:14.389Z] <<< [apiv2][body] GET https://serviceusage.googleapis.com/v1/projects/kykustoms-feddb/services/iam.googleapis.com [omitted]
[debug] [2025-06-04T04:34:14.390Z] <<< [apiv2][status] GET https://serviceusage.googleapis.com/v1/projects/kykustoms-feddb/services/run.googleapis.com 200
[debug] [2025-06-04T04:34:14.390Z] <<< [apiv2][body] GET https://serviceusage.googleapis.com/v1/projects/kykustoms-feddb/services/run.googleapis.com [omitted]
[debug] [2025-06-04T04:34:14.391Z] <<< [apiv2][status] GET https://serviceusage.googleapis.com/v1/projects/kykustoms-feddb/services/artifactregistry.googleapis.com 200
[debug] [2025-06-04T04:34:14.391Z] <<< [apiv2][body] GET https://serviceusage.googleapis.com/v1/projects/kykustoms-feddb/services/artifactregistry.googleapis.com [omitted]
[debug] [2025-06-04T04:34:14.578Z] <<< [apiv2][status] POST https://serviceusage.googleapis.com/v1/projects/kykustoms-feddb/services/developerconnect.googleapis.com:enable 200
[debug] [2025-06-04T04:34:14.578Z] <<< [apiv2][body] POST https://serviceusage.googleapis.com/v1/projects/kykustoms-feddb/services/developerconnect.googleapis.com:enable [omitted]
[debug] [2025-06-04T04:34:15.038Z] <<< [apiv2][status] GET https://serviceusage.googleapis.com/v1/projects/kykustoms-feddb/services/secretmanager.googleapis.com 200
[debug] [2025-06-04T04:34:15.039Z] <<< [apiv2][body] GET https://serviceusage.googleapis.com/v1/projects/kykustoms-feddb/services/secretmanager.googleapis.com [omitted]
[debug] [2025-06-04T04:34:24.585Z] Checked if tokens are valid: true, expires at: 1749015161221
[debug] [2025-06-04T04:34:24.585Z] Checked if tokens are valid: true, expires at: 1749015161221
[debug] [2025-06-04T04:34:24.585Z] >>> [apiv2][query] GET https://serviceusage.googleapis.com/v1/projects/kykustoms-feddb/services/developerconnect.googleapis.com [none]
[debug] [2025-06-04T04:34:24.585Z] >>> [apiv2][(partial)header] GET https://serviceusage.googleapis.com/v1/projects/kykustoms-feddb/services/developerconnect.googleapis.com x-goog-quota-user=projects/kykustoms-feddb
[debug] [2025-06-04T04:34:24.840Z] <<< [apiv2][status] GET https://serviceusage.googleapis.com/v1/projects/kykustoms-feddb/services/developerconnect.googleapis.com 200
[debug] [2025-06-04T04:34:24.840Z] <<< [apiv2][body] GET https://serviceusage.googleapis.com/v1/projects/kykustoms-feddb/services/developerconnect.googleapis.com [omitted]
[debug] [2025-06-04T04:34:24.851Z] Checked if tokens are valid: true, expires at: 1749015161221
[debug] [2025-06-04T04:34:24.851Z] Checked if tokens are valid: true, expires at: 1749015161221
[debug] [2025-06-04T04:34:24.851Z] >>> [apiv2][query] POST https://iam.googleapis.com/v1/projects/kykustoms-feddb/serviceAccounts/firebase-app-hosting-compute@kykustoms-feddb.iam.gserviceaccount.com:testIamPermissions [none]
[debug] [2025-06-04T04:34:24.851Z] >>> [apiv2][(partial)header] POST https://iam.googleapis.com/v1/projects/kykustoms-feddb/serviceAccounts/firebase-app-hosting-compute@kykustoms-feddb.iam.gserviceaccount.com:testIamPermissions x-goog-quota-user=projects/kykustoms-feddb
[debug] [2025-06-04T04:34:24.851Z] >>> [apiv2][body] POST https://iam.googleapis.com/v1/projects/kykustoms-feddb/serviceAccounts/firebase-app-hosting-compute@kykustoms-feddb.iam.gserviceaccount.com:testIamPermissions {"permissions":["iam.serviceAccounts.actAs"]}
[debug] [2025-06-04T04:34:25.093Z] <<< [apiv2][status] POST https://iam.googleapis.com/v1/projects/kykustoms-feddb/serviceAccounts/firebase-app-hosting-compute@kykustoms-feddb.iam.gserviceaccount.com:testIamPermissions 404
[debug] [2025-06-04T04:34:25.093Z] <<< [apiv2][body] POST https://iam.googleapis.com/v1/projects/kykustoms-feddb/serviceAccounts/firebase-app-hosting-compute@kykustoms-feddb.iam.gserviceaccount.com:testIamPermissions {"error":{"code":404,"message":"Unknown service account","status":"NOT_FOUND"}}
[debug] [2025-06-04T04:34:25.094Z] Checked if tokens are valid: true, expires at: 1749015161221
[debug] [2025-06-04T04:34:25.094Z] Checked if tokens are valid: true, expires at: 1749015161221
[debug] [2025-06-04T04:34:25.094Z] >>> [apiv2][query] POST https://iam.googleapis.com/v1/projects/kykustoms-feddb/serviceAccounts [none]
[debug] [2025-06-04T04:34:25.094Z] >>> [apiv2][body] POST https://iam.googleapis.com/v1/projects/kykustoms-feddb/serviceAccounts {"accountId":"firebase-app-hosting-compute","serviceAccount":{"displayName":"Firebase App Hosting compute service account","description":"Default service account used to run builds and deploys for Firebase App Hosting"}}
[debug] [2025-06-04T04:34:25.511Z] <<< [apiv2][status] POST https://iam.googleapis.com/v1/projects/kykustoms-feddb/serviceAccounts 200
[debug] [2025-06-04T04:34:25.511Z] <<< [apiv2][body] POST https://iam.googleapis.com/v1/projects/kykustoms-feddb/serviceAccounts [omitted]
[debug] [2025-06-04T04:34:25.511Z] Checked if tokens are valid: true, expires at: 1749015161221
[debug] [2025-06-04T04:34:25.512Z] Checked if tokens are valid: true, expires at: 1749015161221
[debug] [2025-06-04T04:34:25.512Z] >>> [apiv2][query] POST https://cloudresourcemanager.googleapis.com/v1/projects/kykustoms-feddb:getIamPolicy [none]
[debug] [2025-06-04T04:34:25.818Z] <<< [apiv2][status] POST https://cloudresourcemanager.googleapis.com/v1/projects/kykustoms-feddb:getIamPolicy 200
[debug] [2025-06-04T04:34:25.818Z] <<< [apiv2][body] POST https://cloudresourcemanager.googleapis.com/v1/projects/kykustoms-feddb:getIamPolicy {"version":1,"etag":"BwY2t4Ir0YY=","bindings":[{"role":"roles/cloudbuild.builds.builder","members":["serviceAccount:652926314369@cloudbuild.gserviceaccount.com"]},{"role":"roles/cloudbuild.serviceAgent","members":["serviceAccount:service-652926314369@gcp-sa-cloudbuild.iam.gserviceaccount.com"]},{"role":"roles/containerregistry.ServiceAgent","members":["serviceAccount:service-652926314369@containerregistry.iam.gserviceaccount.com"]},{"role":"roles/editor","members":["serviceAccount:652926314369-compute@developer.gserviceaccount.com"]},{"role":"roles/firebase.managementServiceAgent","members":["serviceAccount:service-652926314369@gcp-sa-firebase.iam.gserviceaccount.com"]},{"role":"roles/firebase.sdkAdminServiceAgent","members":["serviceAccount:firebase-adminsdk-fbsvc@kykustoms-feddb.iam.gserviceaccount.com"]},{"role":"roles/iam.serviceAccountTokenCreator","members":["serviceAccount:firebase-adminsdk-fbsvc@kykustoms-feddb.iam.gserviceaccount.com"]},{"role":"roles/owner","members":["user:kyczaraalbregtse@gmail.com"]},{"role":"roles/run.serviceAgent","members":["serviceAccount:service-652926314369@serverless-robot-prod.iam.gserviceaccount.com"]}]}
[debug] [2025-06-04T04:34:25.819Z] Checked if tokens are valid: true, expires at: 1749015161221
[debug] [2025-06-04T04:34:25.819Z] Checked if tokens are valid: true, expires at: 1749015161221
[debug] [2025-06-04T04:34:25.819Z] >>> [apiv2][query] POST https://cloudresourcemanager.googleapis.com/v1/projects/kykustoms-feddb:setIamPolicy [none]
[debug] [2025-06-04T04:34:25.819Z] >>> [apiv2][body] POST https://cloudresourcemanager.googleapis.com/v1/projects/kykustoms-feddb:setIamPolicy {"policy":{"version":1,"etag":"BwY2t4Ir0YY=","bindings":[{"role":"roles/cloudbuild.builds.builder","members":["serviceAccount:652926314369@cloudbuild.gserviceaccount.com"]},{"role":"roles/cloudbuild.serviceAgent","members":["serviceAccount:service-652926314369@gcp-sa-cloudbuild.iam.gserviceaccount.com"]},{"role":"roles/containerregistry.ServiceAgent","members":["serviceAccount:service-652926314369@containerregistry.iam.gserviceaccount.com"]},{"role":"roles/editor","members":["serviceAccount:652926314369-compute@developer.gserviceaccount.com"]},{"role":"roles/firebase.managementServiceAgent","members":["serviceAccount:service-652926314369@gcp-sa-firebase.iam.gserviceaccount.com"]},{"role":"roles/firebase.sdkAdminServiceAgent","members":["serviceAccount:firebase-adminsdk-fbsvc@kykustoms-feddb.iam.gserviceaccount.com","serviceAccount:firebase-app-hosting-compute@kykustoms-feddb.iam.gserviceaccount.com"]},{"role":"roles/iam.serviceAccountTokenCreator","members":["serviceAccount:firebase-adminsdk-fbsvc@kykustoms-feddb.iam.gserviceaccount.com"]},{"role":"roles/owner","members":["user:kyczaraalbregtse@gmail.com"]},{"role":"roles/run.serviceAgent","members":["serviceAccount:service-652926314369@serverless-robot-prod.iam.gserviceaccount.com"]},{"role":"roles/firebaseapphosting.computeRunner","members":["serviceAccount:firebase-app-hosting-compute@kykustoms-feddb.iam.gserviceaccount.com"]},{"role":"roles/developerconnect.readTokenAccessor","members":["serviceAccount:firebase-app-hosting-compute@kykustoms-feddb.iam.gserviceaccount.com"]},{"role":"roles/storage.objectViewer","members":["serviceAccount:firebase-app-hosting-compute@kykustoms-feddb.iam.gserviceaccount.com"]}]},"updateMask":"bindings"}
[debug] [2025-06-04T04:34:26.363Z] <<< [apiv2][status] POST https://cloudresourcemanager.googleapis.com/v1/projects/kykustoms-feddb:setIamPolicy 200
[debug] [2025-06-04T04:34:26.363Z] <<< [apiv2][body] POST https://cloudresourcemanager.googleapis.com/v1/projects/kykustoms-feddb:setIamPolicy {"version":1,"etag":"BwY2t4MZSdY=","bindings":[{"role":"roles/cloudbuild.builds.builder","members":["serviceAccount:652926314369@cloudbuild.gserviceaccount.com"]},{"role":"roles/cloudbuild.serviceAgent","members":["serviceAccount:service-652926314369@gcp-sa-cloudbuild.iam.gserviceaccount.com"]},{"role":"roles/containerregistry.ServiceAgent","members":["serviceAccount:service-652926314369@containerregistry.iam.gserviceaccount.com"]},{"role":"roles/developerconnect.readTokenAccessor","members":["serviceAccount:firebase-app-hosting-compute@kykustoms-feddb.iam.gserviceaccount.com"]},{"role":"roles/editor","members":["serviceAccount:652926314369-compute@developer.gserviceaccount.com"]},{"role":"roles/firebase.managementServiceAgent","members":["serviceAccount:service-652926314369@gcp-sa-firebase.iam.gserviceaccount.com"]},{"role":"roles/firebase.sdkAdminServiceAgent","members":["serviceAccount:firebase-adminsdk-fbsvc@kykustoms-feddb.iam.gserviceaccount.com","serviceAccount:firebase-app-hosting-compute@kykustoms-feddb.iam.gserviceaccount.com"]},{"role":"roles/firebaseapphosting.computeRunner","members":["serviceAccount:firebase-app-hosting-compute@kykustoms-feddb.iam.gserviceaccount.com"]},{"role":"roles/iam.serviceAccountTokenCreator","members":["serviceAccount:firebase-adminsdk-fbsvc@kykustoms-feddb.iam.gserviceaccount.com"]},{"role":"roles/owner","members":["user:kyczaraalbregtse@gmail.com"]},{"role":"roles/run.serviceAgent","members":["serviceAccount:service-652926314369@serverless-robot-prod.iam.gserviceaccount.com"]},{"role":"roles/storage.objectViewer","members":["serviceAccount:firebase-app-hosting-compute@kykustoms-feddb.iam.gserviceaccount.com"]}]}
[debug] [2025-06-04T04:34:26.363Z] Checked if tokens are valid: true, expires at: 1749015161221
[debug] [2025-06-04T04:34:26.364Z] Checked if tokens are valid: true, expires at: 1749015161221
[debug] [2025-06-04T04:34:26.364Z] >>> [apiv2][query] POST https://cloudresourcemanager.googleapis.com/v1/projects/kykustoms-feddb:getIamPolicy [none]
[debug] [2025-06-04T04:34:26.517Z] <<< [apiv2][status] POST https://cloudresourcemanager.googleapis.com/v1/projects/kykustoms-feddb:getIamPolicy 200
[debug] [2025-06-04T04:34:26.517Z] <<< [apiv2][body] POST https://cloudresourcemanager.googleapis.com/v1/projects/kykustoms-feddb:getIamPolicy {"version":1,"etag":"BwY2t4MZSdY=","bindings":[{"role":"roles/cloudbuild.builds.builder","members":["serviceAccount:652926314369@cloudbuild.gserviceaccount.com"]},{"role":"roles/cloudbuild.serviceAgent","members":["serviceAccount:service-652926314369@gcp-sa-cloudbuild.iam.gserviceaccount.com"]},{"role":"roles/containerregistry.ServiceAgent","members":["serviceAccount:service-652926314369@containerregistry.iam.gserviceaccount.com"]},{"role":"roles/developerconnect.readTokenAccessor","members":["serviceAccount:firebase-app-hosting-compute@kykustoms-feddb.iam.gserviceaccount.com"]},{"role":"roles/editor","members":["serviceAccount:652926314369-compute@developer.gserviceaccount.com"]},{"role":"roles/firebase.managementServiceAgent","members":["serviceAccount:service-652926314369@gcp-sa-firebase.iam.gserviceaccount.com"]},{"role":"roles/firebase.sdkAdminServiceAgent","members":["serviceAccount:firebase-adminsdk-fbsvc@kykustoms-feddb.iam.gserviceaccount.com","serviceAccount:firebase-app-hosting-compute@kykustoms-feddb.iam.gserviceaccount.com"]},{"role":"roles/firebaseapphosting.computeRunner","members":["serviceAccount:firebase-app-hosting-compute@kykustoms-feddb.iam.gserviceaccount.com"]},{"role":"roles/iam.serviceAccountTokenCreator","members":["serviceAccount:firebase-adminsdk-fbsvc@kykustoms-feddb.iam.gserviceaccount.com"]},{"role":"roles/owner","members":["user:kyczaraalbregtse@gmail.com"]},{"role":"roles/run.serviceAgent","members":["serviceAccount:service-652926314369@serverless-robot-prod.iam.gserviceaccount.com"]},{"role":"roles/storage.objectViewer","members":["serviceAccount:firebase-app-hosting-compute@kykustoms-feddb.iam.gserviceaccount.com"]}]}
[info] i  This command links your local project to Firebase App Hosting. You will be able to deploy your web app with `firebase deploy` after setup. 
[info] i  === Set up your backend 
[debug] [2025-06-04T04:34:36.303Z] Checked if tokens are valid: true, expires at: 1749015161221
[debug] [2025-06-04T04:34:36.303Z] Checked if tokens are valid: true, expires at: 1749015161221
[debug] [2025-06-04T04:34:36.303Z] >>> [apiv2][query] GET https://firebaseapphosting.googleapis.com/v1beta/projects/kykustoms-feddb/locations 
[debug] [2025-06-04T04:34:36.560Z] <<< [apiv2][status] GET https://firebaseapphosting.googleapis.com/v1beta/projects/kykustoms-feddb/locations 200
[debug] [2025-06-04T04:34:36.561Z] <<< [apiv2][body] GET https://firebaseapphosting.googleapis.com/v1beta/projects/kykustoms-feddb/locations {"locations":[{"name":"projects/kykustoms-feddb/locations/asia-east1","locationId":"asia-east1","displayName":"Taiwan"},{"name":"projects/kykustoms-feddb/locations/europe-west4","locationId":"europe-west4","displayName":"Netherlands"},{"name":"projects/kykustoms-feddb/locations/us-central1","locationId":"us-central1","displayName":"Iowa"}]}
[info] +  Location set to us-central1.
 
[debug] [2025-06-04T04:34:52.955Z] Checked if tokens are valid: true, expires at: 1749015161221
[debug] [2025-06-04T04:34:52.955Z] Checked if tokens are valid: true, expires at: 1749015161221
[debug] [2025-06-04T04:34:52.955Z] >>> [apiv2][query] GET https://firebaseapphosting.googleapis.com/v1beta/projects/kykustoms-feddb/locations/us-central1/backends/ky-kustoms-backend [none]
[debug] [2025-06-04T04:34:53.166Z] <<< [apiv2][status] GET https://firebaseapphosting.googleapis.com/v1beta/projects/kykustoms-feddb/locations/us-central1/backends/ky-kustoms-backend 404
[debug] [2025-06-04T04:34:53.167Z] <<< [apiv2][body] GET https://firebaseapphosting.googleapis.com/v1beta/projects/kykustoms-feddb/locations/us-central1/backends/ky-kustoms-backend {"error":{"code":404,"message":"Resource 'projects/kykustoms-feddb/locations/us-central1/backends/ky-kustoms-backend' was not found","status":"NOT_FOUND","details":[{"@type":"type.googleapis.com/google.rpc.ResourceInfo","resourceName":"projects/kykustoms-feddb/locations/us-central1/backends/ky-kustoms-backend"}]}}
[info] +  Name set to ky-kustoms-backend
 
[debug] [2025-06-04T04:34:53.169Z] Checked if tokens are valid: true, expires at: 1749015161221
[debug] [2025-06-04T04:34:53.169Z] Checked if tokens are valid: true, expires at: 1749015161221
[debug] [2025-06-04T04:34:53.170Z] >>> [apiv2][query] GET https://firebase.googleapis.com/v1beta1/projects/kykustoms-feddb/webApps pageSize=100
[debug] [2025-06-04T04:34:53.331Z] <<< [apiv2][status] GET https://firebase.googleapis.com/v1beta1/projects/kykustoms-feddb/webApps 200
[debug] [2025-06-04T04:34:53.332Z] <<< [apiv2][body] GET https://firebase.googleapis.com/v1beta1/projects/kykustoms-feddb/webApps {"apps":[{"name":"projects/kykustoms-feddb/webApps/1:652926314369:web:fd194f0cb36f639decea80","appId":"1:652926314369:web:fd194f0cb36f639decea80","displayName":"KyKustoms","projectId":"kykustoms-feddb","webId":"ZjdiOTYyMGEtNTliMi00Njc2LWJjNjUtMjMwMzdlNjYzMWVi","apiKeyId":"a9661a02-35b3-455a-b7e6-612cbfea5289","state":"ACTIVE","expireTime":"1970-01-01T00:00:00Z","etag":"1_3f3ce549-45ea-4b2e-954e-4000c16aa85f"}]}
[debug] [2025-06-04T04:34:53.332Z] Checked if tokens are valid: true, expires at: 1749015161221
[debug] [2025-06-04T04:34:53.333Z] Checked if tokens are valid: true, expires at: 1749015161221
[debug] [2025-06-04T04:34:53.333Z] >>> [apiv2][query] GET https://firebase.googleapis.com/v1beta1/projects/kykustoms-feddb/webApps pageSize=100
[debug] [2025-06-04T04:34:53.414Z] <<< [apiv2][status] GET https://firebase.googleapis.com/v1beta1/projects/kykustoms-feddb/webApps 200
[debug] [2025-06-04T04:34:53.415Z] <<< [apiv2][body] GET https://firebase.googleapis.com/v1beta1/projects/kykustoms-feddb/webApps {"apps":[{"name":"projects/kykustoms-feddb/webApps/1:652926314369:web:fd194f0cb36f639decea80","appId":"1:652926314369:web:fd194f0cb36f639decea80","displayName":"KyKustoms","projectId":"kykustoms-feddb","webId":"ZjdiOTYyMGEtNTliMi00Njc2LWJjNjUtMjMwMzdlNjYzMWVi","apiKeyId":"a9661a02-35b3-455a-b7e6-612cbfea5289","state":"ACTIVE","expireTime":"1970-01-01T00:00:00Z","etag":"1_3f3ce549-45ea-4b2e-954e-4000c16aa85f"}]}
[debug] [2025-06-04T04:34:53.415Z] Checked if tokens are valid: true, expires at: 1749015161221
[debug] [2025-06-04T04:34:53.415Z] Checked if tokens are valid: true, expires at: 1749015161221
[debug] [2025-06-04T04:34:53.416Z] >>> [apiv2][query] POST https://firebase.googleapis.com/v1beta1/projects/kykustoms-feddb/webApps [none]
[debug] [2025-06-04T04:34:53.416Z] >>> [apiv2][body] POST https://firebase.googleapis.com/v1beta1/projects/kykustoms-feddb/webApps {"displayName":"ky-kustoms-backend"}
[debug] [2025-06-04T04:34:53.769Z] <<< [apiv2][status] POST https://firebase.googleapis.com/v1beta1/projects/kykustoms-feddb/webApps 200
[debug] [2025-06-04T04:34:53.769Z] <<< [apiv2][body] POST https://firebase.googleapis.com/v1beta1/projects/kykustoms-feddb/webApps {"name":"operations/workflows/OWViZWU2ODYtOWJiOC00ZDYzLTllYTEtOTFlNmUzODI2NDI1"}
[debug] [2025-06-04T04:34:53.772Z] Checked if tokens are valid: true, expires at: 1749015161221
[debug] [2025-06-04T04:34:53.772Z] Checked if tokens are valid: true, expires at: 1749015161221
[debug] [2025-06-04T04:34:53.773Z] >>> [apiv2][query] GET https://firebase.googleapis.com/v1beta1/operations/workflows/OWViZWU2ODYtOWJiOC00ZDYzLTllYTEtOTFlNmUzODI2NDI1 [none]
[debug] [2025-06-04T04:34:53.867Z] <<< [apiv2][status] GET https://firebase.googleapis.com/v1beta1/operations/workflows/OWViZWU2ODYtOWJiOC00ZDYzLTllYTEtOTFlNmUzODI2NDI1 200
[debug] [2025-06-04T04:34:53.867Z] <<< [apiv2][body] GET https://firebase.googleapis.com/v1beta1/operations/workflows/OWViZWU2ODYtOWJiOC00ZDYzLTllYTEtOTFlNmUzODI2NDI1 {"name":"operations/workflows/OWViZWU2ODYtOWJiOC00ZDYzLTllYTEtOTFlNmUzODI2NDI1"}
[debug] [2025-06-04T04:34:54.378Z] [Create Web app Poller] Retrying task index 0
[debug] [2025-06-04T04:34:54.378Z] Checked if tokens are valid: true, expires at: 1749015161221
[debug] [2025-06-04T04:34:54.378Z] Checked if tokens are valid: true, expires at: 1749015161221
[debug] [2025-06-04T04:34:54.379Z] >>> [apiv2][query] GET https://firebase.googleapis.com/v1beta1/operations/workflows/OWViZWU2ODYtOWJiOC00ZDYzLTllYTEtOTFlNmUzODI2NDI1 [none]
[debug] [2025-06-04T04:34:54.473Z] <<< [apiv2][status] GET https://firebase.googleapis.com/v1beta1/operations/workflows/OWViZWU2ODYtOWJiOC00ZDYzLTllYTEtOTFlNmUzODI2NDI1 200
[debug] [2025-06-04T04:34:54.473Z] <<< [apiv2][body] GET https://firebase.googleapis.com/v1beta1/operations/workflows/OWViZWU2ODYtOWJiOC00ZDYzLTllYTEtOTFlNmUzODI2NDI1 {"name":"operations/workflows/OWViZWU2ODYtOWJiOC00ZDYzLTllYTEtOTFlNmUzODI2NDI1"}
[debug] [2025-06-04T04:34:55.474Z] [Create Web app Poller] Retrying task index 0
[debug] [2025-06-04T04:34:55.474Z] Checked if tokens are valid: true, expires at: 1749015161221
[debug] [2025-06-04T04:34:55.474Z] Checked if tokens are valid: true, expires at: 1749015161221
[debug] [2025-06-04T04:34:55.475Z] >>> [apiv2][query] GET https://firebase.googleapis.com/v1beta1/operations/workflows/OWViZWU2ODYtOWJiOC00ZDYzLTllYTEtOTFlNmUzODI2NDI1 [none]
[debug] [2025-06-04T04:34:55.567Z] <<< [apiv2][status] GET https://firebase.googleapis.com/v1beta1/operations/workflows/OWViZWU2ODYtOWJiOC00ZDYzLTllYTEtOTFlNmUzODI2NDI1 200
[debug] [2025-06-04T04:34:55.567Z] <<< [apiv2][body] GET https://firebase.googleapis.com/v1beta1/operations/workflows/OWViZWU2ODYtOWJiOC00ZDYzLTllYTEtOTFlNmUzODI2NDI1 {"name":"operations/workflows/OWViZWU2ODYtOWJiOC00ZDYzLTllYTEtOTFlNmUzODI2NDI1"}
[debug] [2025-06-04T04:34:57.572Z] [Create Web app Poller] Retrying task index 0
[debug] [2025-06-04T04:34:57.573Z] Checked if tokens are valid: true, expires at: 1749015161221
[debug] [2025-06-04T04:34:57.573Z] Checked if tokens are valid: true, expires at: 1749015161221
[debug] [2025-06-04T04:34:57.573Z] >>> [apiv2][query] GET https://firebase.googleapis.com/v1beta1/operations/workflows/OWViZWU2ODYtOWJiOC00ZDYzLTllYTEtOTFlNmUzODI2NDI1 [none]
[debug] [2025-06-04T04:34:57.655Z] <<< [apiv2][status] GET https://firebase.googleapis.com/v1beta1/operations/workflows/OWViZWU2ODYtOWJiOC00ZDYzLTllYTEtOTFlNmUzODI2NDI1 200
[debug] [2025-06-04T04:34:57.655Z] <<< [apiv2][body] GET https://firebase.googleapis.com/v1beta1/operations/workflows/OWViZWU2ODYtOWJiOC00ZDYzLTllYTEtOTFlNmUzODI2NDI1 {"name":"operations/workflows/OWViZWU2ODYtOWJiOC00ZDYzLTllYTEtOTFlNmUzODI2NDI1","done":true,"response":{"@type":"type.googleapis.com/google.firebase.service.v1beta1.WebApp","name":"projects/kykustoms-feddb/webApps/1:652926314369:web:f0987d20087e91e4ecea80","appId":"1:652926314369:web:f0987d20087e91e4ecea80","displayName":"ky-kustoms-backend","projectId":"kykustoms-feddb","webId":"NzI3ZTJmZDUtNWNlYy00MWEyLWEzODQtZWIyN2E5ZmYxZmI3","apiKeyId":"a9661a02-35b3-455a-b7e6-612cbfea5289","state":"ACTIVE","expireTime":"1970-01-01T00:00:00Z","etag":"1_5092d9b5-dd17-4b7b-bedf-696d4f5102d7"}}
[info] +  Created a new Firebase web app named "ky-kustoms-backend" 
[debug] [2025-06-04T04:34:57.657Z] Checked if tokens are valid: true, expires at: 1749015161221
[debug] [2025-06-04T04:34:57.658Z] Checked if tokens are valid: true, expires at: 1749015161221
[debug] [2025-06-04T04:34:57.658Z] >>> [apiv2][query] POST https://firebaseapphosting.googleapis.com/v1beta/projects/kykustoms-feddb/locations/us-central1/backends backendId=ky-kustoms-backend
[debug] [2025-06-04T04:34:57.658Z] >>> [apiv2][body] POST https://firebaseapphosting.googleapis.com/v1beta/projects/kykustoms-feddb/locations/us-central1/backends {"servingLocality":"GLOBAL_ACCESS","labels":{"deployment-tool":"cli-firebase"},"serviceAccount":"firebase-app-hosting-compute@kykustoms-feddb.iam.gserviceaccount.com","appId":"1:652926314369:web:f0987d20087e91e4ecea80"}
[debug] [2025-06-04T04:35:01.589Z] <<< [apiv2][status] POST https://firebaseapphosting.googleapis.com/v1beta/projects/kykustoms-feddb/locations/us-central1/backends 200
[debug] [2025-06-04T04:35:01.589Z] <<< [apiv2][body] POST https://firebaseapphosting.googleapis.com/v1beta/projects/kykustoms-feddb/locations/us-central1/backends {"name":"projects/kykustoms-feddb/locations/us-central1/operations/operation-1749011698051-636b784f86b12-18aa29b7-eff6e6bb","metadata":{"@type":"type.googleapis.com/google.firebase.apphosting.v1beta.OperationMetadata","createTime":"2025-06-04T04:35:01.872693275Z","target":"projects/kykustoms-feddb/locations/us-central1/backends/ky-kustoms-backend","verb":"create","requestedCancellation":false,"apiVersion":"v1beta"},"done":false}
[debug] [2025-06-04T04:35:01.590Z] Checked if tokens are valid: true, expires at: 1749015161221
[debug] [2025-06-04T04:35:01.590Z] Checked if tokens are valid: true, expires at: 1749015161221
[debug] [2025-06-04T04:35:01.590Z] >>> [apiv2][query] GET https://firebaseapphosting.googleapis.com/v1beta/projects/kykustoms-feddb/locations/us-central1/operations/operation-1749011698051-636b784f86b12-18aa29b7-eff6e6bb [none]
[debug] [2025-06-04T04:35:01.664Z] <<< [apiv2][status] GET https://firebaseapphosting.googleapis.com/v1beta/projects/kykustoms-feddb/locations/us-central1/operations/operation-1749011698051-636b784f86b12-18aa29b7-eff6e6bb 200
[debug] [2025-06-04T04:35:01.664Z] <<< [apiv2][body] GET https://firebaseapphosting.googleapis.com/v1beta/projects/kykustoms-feddb/locations/us-central1/operations/operation-1749011698051-636b784f86b12-18aa29b7-eff6e6bb {"name":"projects/kykustoms-feddb/locations/us-central1/operations/operation-1749011698051-636b784f86b12-18aa29b7-eff6e6bb","metadata":{"@type":"type.googleapis.com/google.firebase.apphosting.v1beta.OperationMetadata","createTime":"2025-06-04T04:35:01.872693275Z","target":"projects/kykustoms-feddb/locations/us-central1/backends/ky-kustoms-backend","verb":"create","requestedCancellation":false,"apiVersion":"v1beta"},"done":false}
[debug] [2025-06-04T04:35:02.174Z] [create-kykustoms-feddb-us-central1-ky-kustoms-backend] Retrying task index 0
[debug] [2025-06-04T04:35:02.174Z] Checked if tokens are valid: true, expires at: 1749015161221
[debug] [2025-06-04T04:35:02.174Z] Checked if tokens are valid: true, expires at: 1749015161221
[debug] [2025-06-04T04:35:02.175Z] >>> [apiv2][query] GET https://firebaseapphosting.googleapis.com/v1beta/projects/kykustoms-feddb/locations/us-central1/operations/operation-1749011698051-636b784f86b12-18aa29b7-eff6e6bb [none]
[debug] [2025-06-04T04:35:02.244Z] <<< [apiv2][status] GET https://firebaseapphosting.googleapis.com/v1beta/projects/kykustoms-feddb/locations/us-central1/operations/operation-1749011698051-636b784f86b12-18aa29b7-eff6e6bb 200
[debug] [2025-06-04T04:35:02.245Z] <<< [apiv2][body] GET https://firebaseapphosting.googleapis.com/v1beta/projects/kykustoms-feddb/locations/us-central1/operations/operation-1749011698051-636b784f86b12-18aa29b7-eff6e6bb {"name":"projects/kykustoms-feddb/locations/us-central1/operations/operation-1749011698051-636b784f86b12-18aa29b7-eff6e6bb","metadata":{"@type":"type.googleapis.com/google.firebase.apphosting.v1beta.OperationMetadata","createTime":"2025-06-04T04:35:01.872693275Z","endTime":"2025-06-04T04:35:02.141268378Z","target":"projects/kykustoms-feddb/locations/us-central1/backends/ky-kustoms-backend","verb":"create","requestedCancellation":false,"apiVersion":"v1beta"},"done":true,"response":{"@type":"type.googleapis.com/google.firebase.apphosting.v1beta.Backend","name":"projects/kykustoms-feddb/locations/us-central1/backends/ky-kustoms-backend","createTime":"2025-06-04T04:35:01.867650333Z","updateTime":"2025-06-04T04:35:02.129262Z","labels":{"deployment-tool":"cli-firebase"},"uri":"ky-kustoms-backend--kykustoms-feddb.us-central1.hosted.app","uid":"c1683d46-4163-4431-9ffb-d4824f7cf921","etag":"obSRLdveBNVTEO_C7FPP5Avn7O1jv7QUjP-yIOc6OzM","reconciling":false,"servingLocality":"GLOBAL_ACCESS","serviceAccount":"firebase-app-hosting-compute@kykustoms-feddb.iam.gserviceaccount.com","appId":"1:652926314369:web:f0987d20087e91e4ecea80"}}
[info] i  === Deploy local source setup 
[debug] [2025-06-04T04:35:18.920Z] ExitPromptError: User force closed the prompt with SIGINT
    at Interface.sigint (C:\Users\Kyczar\AppData\Roaming\npm\node_modules\firebase-tools\node_modules\@inquirer\core\dist\commonjs\lib\create-prompt.js:101:37)
    at Interface.emit (node:events:514:28)
    at Interface.emit (node:domain:488:12)
    at [_ttyWrite] [as _ttyWrite] (node:internal/readline/interface:1125:18)
    at ReadStream.onkeypress (node:internal/readline/interface:264:20)
    at ReadStream.emit (node:events:526:35)
    at ReadStream.emit (node:domain:488:12)
    at emitKeys (node:internal/readline/utils:371:14)
    at emitKeys.next (<anonymous>)
    at ReadStream.onData (node:internal/readline/emitKeypressEvents:64:36)
[error] 
[error] Error: An unexpected error has occurred.
